\BOOKMARK [0][-]{chapter.1}{\376\377\000L\000e\000c\000t\000u\000r\000e\000\040\0001\000\040\040\024\000\040\000I\000n\000t\000r\000o\000d\000u\000c\000t\000i\000o\000n}{}% 1
\BOOKMARK [0][-]{chapter.2}{\376\377\000L\000e\000c\000t\000u\000r\000e\000\040\0002\000\040\040\024\000\040\000P\000y\000t\000h\000o\000n\000\040\000a\000s\000\040\000a\000\040\000C\000a\000l\000c\000u\000l\000a\000t\000o\000r}{}% 2
\BOOKMARK [0][-]{chapter.3}{\376\377\000L\000e\000c\000t\000u\000r\000e\000\040\0002\000\040\040\024\000\040\000E\000x\000e\000r\000c\000i\000s\000e\000s}{}% 3
\BOOKMARK [0][-]{chapter.4}{\376\377\000L\000e\000c\000t\000u\000r\000e\000\040\0003\000\040\040\024\000\040\000P\000y\000t\000h\000o\000n\000\040\000S\000t\000r\000i\000n\000g\000s}{}% 4
\BOOKMARK [0][-]{chapter.5}{\376\377\000L\000e\000c\000t\000u\000r\000e\000\040\0003\000\040\040\024\000\040\000E\000x\000e\000r\000c\000i\000s\000e\000s}{}% 5
\BOOKMARK [0][-]{chapter.6}{\376\377\000L\000e\000c\000t\000u\000r\000e\000\040\0004\000\040\040\024\000\040\000U\000s\000i\000n\000g\000\040\000f\000u\000n\000c\000t\000i\000o\000n\000s\000\040\000a\000n\000d\000\040\000m\000o\000d\000u\000l\000e\000s}{}% 6
\BOOKMARK [0][-]{chapter.7}{\376\377\000L\000e\000c\000t\000u\000r\000e\000\040\0004\000\040\040\024\000\040\000E\000x\000e\000r\000c\000i\000s\000e\000s}{}% 7
\BOOKMARK [0][-]{chapter.8}{\376\377\000L\000e\000c\000t\000u\000r\000e\000\040\0005\000\040\040\024\000\040\000P\000y\000t\000h\000o\000n\000\040\000F\000u\000n\000c\000t\000i\000o\000n\000s}{}% 8
\BOOKMARK [0][-]{chapter.9}{\376\377\000L\000e\000c\000t\000u\000r\000e\000\040\0005\000\040\040\024\000\040\000E\000x\000e\000r\000c\000i\000s\000e\000s}{}% 9
\BOOKMARK [0][-]{chapter.10}{\376\377\000L\000e\000c\000t\000u\000r\000e\000\040\0006\000\040\040\024\000\040\000D\000e\000c\000i\000s\000i\000o\000n\000s\000\040\000P\000a\000r\000t\000\040\0001}{}% 10
\BOOKMARK [0][-]{chapter.11}{\376\377\000L\000e\000c\000t\000u\000r\000e\000\040\0006\000\040\040\024\000\040\000E\000x\000e\000r\000c\000i\000s\000e\000s}{}% 11
\BOOKMARK [0][-]{chapter.12}{\376\377\000L\000e\000c\000t\000u\000r\000e\000\040\0007\000\040\040\024\000\040\000T\000u\000p\000l\000e\000s\000,\000\040\000M\000o\000d\000u\000l\000e\000s\000,\000\040\000a\000n\000d\000\040\000I\000m\000a\000g\000e\000s}{}% 12
\BOOKMARK [0][-]{chapter.13}{\376\377\000L\000e\000c\000t\000u\000r\000e\000\040\0007\000\040\040\024\000\040\000E\000x\000e\000r\000c\000i\000s\000e\000s}{}% 13
\BOOKMARK [0][-]{chapter.14}{\376\377\000L\000e\000c\000t\000u\000r\000e\000\040\0008\000\040\040\024\000\040\000L\000i\000s\000t\000s\000\040\000P\000a\000r\000t\000\040\0001}{}% 14
\BOOKMARK [0][-]{chapter.15}{\376\377\000L\000e\000c\000t\000u\000r\000e\000\040\0008\000\040\040\024\000\040\000E\000x\000e\000r\000c\000i\000s\000e\000s}{}% 15
\BOOKMARK [0][-]{chapter.16}{\376\377\000L\000e\000c\000t\000u\000r\000e\000\040\0009\000\040\040\024\000\040\000W\000h\000i\000l\000e\000\040\000L\000o\000o\000p\000s}{}% 16
\BOOKMARK [0][-]{chapter.17}{\376\377\000L\000e\000c\000t\000u\000r\000e\000\040\0009\000\040\040\024\000\040\000E\000x\000e\000r\000c\000i\000s\000e\000s}{}% 17
\BOOKMARK [0][-]{chapter.18}{\376\377\000L\000e\000c\000t\000u\000r\000e\000\040\0001\0000\000\040\040\024\000\040\000L\000i\000s\000t\000s\000\040\000P\000a\000r\000t\000\040\0002}{}% 18
\BOOKMARK [0][-]{chapter.19}{\376\377\000L\000e\000c\000t\000u\000r\000e\000\040\0001\0000\000\040\040\024\000\040\000E\000x\000e\000r\000c\000i\000s\000e\000s}{}% 19
\BOOKMARK [0][-]{chapter.20}{\376\377\000L\000e\000c\000t\000u\000r\000e\000\040\0001\0001\000\040\040\024\000\040\000D\000e\000c\000i\000s\000i\000o\000n\000s\000\040\000P\000a\000r\000t\000\040\0002}{}% 20
\BOOKMARK [0][-]{chapter.21}{\376\377\000L\000e\000c\000t\000u\000r\000e\000\040\0001\0001\000\040\040\024\000\040\000E\000x\000e\000r\000c\000i\000s\000e\000s}{}% 21
\BOOKMARK [0][-]{chapter.22}{\376\377\000L\000e\000c\000t\000u\000r\000e\000\040\0001\0002\000\040\040\024\000\040\000C\000o\000n\000t\000r\000o\000l\000l\000i\000n\000g\000\040\000L\000o\000o\000p\000s}{}% 22
\BOOKMARK [0][-]{chapter.23}{\376\377\000L\000e\000c\000t\000u\000r\000e\000\040\0001\0002\000\040\040\024\000\040\000E\000x\000e\000r\000c\000i\000s\000e\000s}{}% 23
\BOOKMARK [0][-]{chapter.24}{\376\377\000L\000e\000c\000t\000u\000r\000e\000\040\0001\0003\000\040\040\024\000\040\000D\000a\000t\000a\000\040\000f\000r\000o\000m\000\040\000F\000i\000l\000e\000s\000\040\000a\000n\000d\000\040\000W\000e\000b\000\040\000P\000a\000g\000e\000s}{}% 24
\BOOKMARK [0][-]{chapter.25}{\376\377\000L\000e\000c\000t\000u\000r\000e\000\040\0001\0003\000\040\040\024\000\040\000E\000x\000e\000r\000c\000i\000s\000e\000s}{}% 25
\BOOKMARK [0][-]{chapter.26}{\376\377\000L\000e\000c\000t\000u\000r\000e\000\040\0001\0004\000\040\040\024\000\040\000P\000r\000o\000b\000l\000e\000m\000\040\000S\000o\000l\000v\000i\000n\000g\000\040\000a\000n\000d\000\040\000D\000e\000s\000i\000g\000n\000,\000\040\000P\000a\000r\000t\000\040\0001}{}% 26
\BOOKMARK [0][-]{chapter.27}{\376\377\000L\000e\000c\000t\000u\000r\000e\000\040\0001\0005\000\040\040\024\000\040\000S\000e\000t\000s}{}% 27
\BOOKMARK [0][-]{chapter.28}{\376\377\000L\000e\000c\000t\000u\000r\000e\000\040\0001\0005\000\040\040\024\000\040\000E\000x\000e\000r\000c\000i\000s\000e\000s}{}% 28
\BOOKMARK [0][-]{chapter.29}{\376\377\000L\000e\000c\000t\000u\000r\000e\000\040\0001\0006\000\040\040\024\000\040\000D\000i\000c\000t\000i\000o\000n\000a\000r\000i\000e\000s\000,\000\040\000P\000a\000r\000t\000\040\0001}{}% 29
\BOOKMARK [0][-]{chapter.30}{\376\377\000L\000e\000c\000t\000u\000r\000e\000\040\0001\0006\000\040\040\024\000\040\000E\000x\000e\000r\000c\000i\000s\000e\000s}{}% 30
\BOOKMARK [0][-]{chapter.31}{\376\377\000L\000e\000c\000t\000u\000r\000e\000\040\0001\0007\000\040\040\024\000\040\000D\000i\000c\000t\000i\000o\000n\000a\000r\000i\000e\000s\000,\000\040\000P\000a\000r\000t\000\040\0002}{}% 31
\BOOKMARK [0][-]{chapter.32}{\376\377\000L\000e\000c\000t\000u\000r\000e\000\040\0001\0007\000\040\040\024\000\040\000E\000x\000e\000r\000c\000i\000s\000e\000s}{}% 32
\BOOKMARK [0][-]{chapter.33}{\376\377\000L\000e\000c\000t\000u\000r\000e\000\040\0001\0008\000\040\040\024\000\040\000C\000l\000a\000s\000s\000e\000s\000,\000\040\000P\000a\000r\000t\000\040\0001}{}% 33
\BOOKMARK [0][-]{chapter.34}{\376\377\000L\000e\000c\000t\000u\000r\000e\000\040\0001\0008\000\040\040\024\000\040\000E\000x\000e\000r\000c\000i\000s\000e\000s}{}% 34
\BOOKMARK [0][-]{chapter.35}{\376\377\000L\000e\000c\000t\000u\000r\000e\000\040\0001\0009\000\040\040\024\000\040\000C\000l\000a\000s\000s\000e\000s\000,\000\040\000P\000a\000r\000t\000\040\0002}{}% 35
\BOOKMARK [0][-]{chapter.36}{\376\377\000L\000e\000c\000t\000u\000r\000e\000\040\0001\0009\000\040\040\024\000\040\000E\000x\000e\000r\000c\000i\000s\000e\000s}{}% 36
\BOOKMARK [0][-]{chapter.37}{\376\377\000L\000e\000c\000t\000u\000r\000e\000\040\0002\0000\000\040\040\024\000\040\000S\000e\000a\000r\000c\000h\000i\000n\000g}{}% 37
\BOOKMARK [0][-]{chapter.38}{\376\377\000L\000e\000c\000t\000u\000r\000e\000\040\0002\0000\000\040\040\024\000\040\000E\000x\000e\000r\000c\000i\000s\000e\000s}{}% 38
\BOOKMARK [0][-]{chapter.39}{\376\377\000L\000e\000c\000t\000u\000r\000e\000\040\0002\0001\000\040\040\024\000\040\000S\000o\000r\000t\000i\000n\000g}{}% 39
\BOOKMARK [0][-]{chapter.40}{\376\377\000L\000e\000c\000t\000u\000r\000e\000\040\0002\0001\000\040\040\024\000\040\000E\000x\000e\000r\000c\000i\000s\000e\000s}{}% 40
